Compiling the CXX compiler identification source file "CMakeCXXCompilerId.cpp" failed.
Compiler: /usr/bin/c++.exe 
Build flags: 
Id flags:  

The output was:
1
c++: fatal error: -fuse-linker-plugin, but cyglto_plugin.dll not found
compilation terminated.


Determining if the CXX compiler works failed with the following output:
Change Dir: /cygdrive/c/Users/majid/Desktop/project/cmake-build-debug/CMakeFiles/CMakeTmp

Run Build Command:"/usr/bin/make.exe" "cmTC_435b1/fast"
/usr/bin/make -f CMakeFiles/cmTC_435b1.dir/build.make CMakeFiles/cmTC_435b1.dir/build
make[1]: Entering directory '/cygdrive/c/Users/majid/Desktop/project/cmake-build-debug/CMakeFiles/CMakeTmp'
Building CXX object CMakeFiles/cmTC_435b1.dir/testCXXCompiler.cxx.o
/usr/bin/c++.exe     -o CMakeFiles/cmTC_435b1.dir/testCXXCompiler.cxx.o -c /cygdrive/c/Users/majid/Desktop/project/cmake-build-debug/CMakeFiles/CMakeTmp/testCXXCompiler.cxx
Linking CXX executable cmTC_435b1.exe
/cygdrive/c/Users/majid/.CLion2018.3/system/cygwin_cmake/bin/cmake.exe -E cmake_link_script CMakeFiles/cmTC_435b1.dir/link.txt --verbose=1
/usr/bin/c++.exe    -Wl,--enable-auto-import  CMakeFiles/cmTC_435b1.dir/testCXXCompiler.cxx.o  -o cmTC_435b1.exe -Wl,--out-implib,libcmTC_435b1.dll.a -Wl,--major-image-version,0,--minor-image-version,0 
c++: fatal error: -fuse-linker-plugin, but cyglto_plugin.dll not found
compilation terminated.
make[1]: *** [CMakeFiles/cmTC_435b1.dir/build.make:87: cmTC_435b1.exe] Error 1
make[1]: Leaving directory '/cygdrive/c/Users/majid/Desktop/project/cmake-build-debug/CMakeFiles/CMakeTmp'
make: *** [Makefile:121: cmTC_435b1/fast] Error 2


